2022-08-16 17:41:21:4121 [32minfo[39m: [32mhealthcheck(ZW276812PG) - INIT PROCESS[39m
2022-08-16 17:43:01:431 [32minfo[39m: [32mhealthcheck(YE464743KA) - INIT PROCESS[39m
2022-08-16 17:43:46:4346 [32minfo[39m: [32mhealthcheck(XG207651LS) - INIT PROCESS[39m
2022-08-17 06:28:25:2825 [32minfo[39m: [32m__signin(AT47568IQ) - INIT PROCESS[39m
2022-08-17 06:29:16:2916 [32minfo[39m: [32m__signin(FJ135756MP) - INIT PROCESS[39m
2022-08-17 06:29:16:2916 [32minfo[39m: [32m__signinVariable(FJ135756MP) - email: oscarmpereda@hotmail.com[39m
2022-08-17 06:39:02:392 [32minfo[39m: [32m__signin(OQ161981VR) - INIT PROCESS[39m
2022-08-17 06:39:02:392 [32minfo[39m: [32m__signinVariable(OQ161981VR) - email: oscarmpereda@hotmail.com[39m
2022-08-17 06:39:37:3937 [32minfo[39m: [32m__signin(ED842154JU) - INIT PROCESS[39m
2022-08-17 06:39:37:3937 [32minfo[39m: [32m__signinVariable(ED842154JU) - email: oscarmpereda@hotmail.com[39m
2022-08-17 08:35:18:3518 [32minfo[39m: [32m__login(TK25149CB) - INIT PROCESS[39m
2022-08-17 08:35:18:3518 [32minfo[39m: [32m__signinVariable(TK25149CB) - email: oscarmpereda@hotmail.com[39m
2022-08-17 08:35:25:3525 [32minfo[39m: [32m__login(CN122660OA) - INIT PROCESS[39m
2022-08-17 08:35:25:3525 [32minfo[39m: [32m__signinVariable(CN122660OA) - email: oscarmpereda@hotmail.com[39m
2022-08-17 08:35:26:3526 [31merror[39m: [31m__loginAdminError(CN122660OA) - ERROR: invalid password[39m
2022-08-17 08:35:29:3529 [32minfo[39m: [32m__login(JQ453808LW) - INIT PROCESS[39m
2022-08-17 08:35:29:3529 [32minfo[39m: [32m__signinVariable(JQ453808LW) - email: oscarmpereda@hotmail.com[39m
2022-08-17 08:51:01:511 [32minfo[39m: [32m__login(CN572505DF) - INIT PROCESS[39m
2022-08-17 08:51:01:511 [32minfo[39m: [32m__signinVariable(CN572505DF) - email: oscarmpereda@hotmail.com[39m
2022-08-17 09:42:38:4238 [32minfo[39m: [32m__login(NM870265KY) - INIT PROCESS[39m
2022-08-17 09:42:38:4238 [32minfo[39m: [32m__signinVariable(NM870265KY) - email: oscarmpereda@hotmail.com[39m
2022-08-17 09:55:48:5548 [32minfo[39m: [32m__login(SN750625HV) - INIT PROCESS[39m
2022-08-17 09:55:48:5548 [32minfo[39m: [32m__signinVariable(SN750625HV) - email: oscarmpereda@hotmail.com[39m
2022-08-17 09:55:55:5555 [32minfo[39m: [32m__exchange(VN809908EN) - INIT PROCESS[39m
2022-08-17 09:56:20:5620 [32minfo[39m: [32m__exchange(XK551666JE) - INIT PROCESS[39m
2022-08-17 09:57:12:5712 [32minfo[39m: [32m__login(WH666511OZ) - INIT PROCESS[39m
2022-08-17 09:57:12:5712 [32minfo[39m: [32m__signinVariable(WH666511OZ) - email: oscarmpereda@hotmail.com[39m
2022-08-17 09:57:20:5720 [32minfo[39m: [32m__exchange(KV377717RA) - INIT PROCESS[39m
2022-08-17 09:59:13:5913 [32minfo[39m: [32m__login(UV225942RJ) - INIT PROCESS[39m
2022-08-17 09:59:13:5913 [32minfo[39m: [32m__signinVariable(UV225942RJ) - email: oscarmpereda@hotmail.com[39m
2022-08-17 09:59:26:5926 [32minfo[39m: [32m__exchange(DM552586NV) - INIT PROCESS[39m
2022-08-17 10:01:04:14 [32minfo[39m: [32m__login(GH663677FS) - INIT PROCESS[39m
2022-08-17 10:01:04:14 [32minfo[39m: [32m__signinVariable(GH663677FS) - email: oscarmpereda@hotmail.com[39m
2022-08-17 10:01:12:112 [32minfo[39m: [32m__exchange(YG206322WM) - INIT PROCESS[39m
2022-08-17 12:45:10:4510 [32minfo[39m: [32m__login(UT314401YY) - INIT PROCESS[39m
2022-08-17 12:45:10:4510 [32minfo[39m: [32m__signinVariable(UT314401YY) - email: oscarmpereda@hotmail.com[39m
2022-08-17 12:46:16:4616 [32minfo[39m: [32m__exchange(UQ360949LJ) - INIT PROCESS[39m
2022-08-17 12:46:16:4616 [32minfo[39m: [32m__exchangeVariable(UQ360949LJ) - userId: 62fcd379c019aaaa16f645c5[39m
2022-08-17 12:46:16:4616 [32minfo[39m: [32m__exchangeVariable(UQ360949LJ) - tipoCambio: compra[39m
2022-08-17 12:46:16:4616 [32minfo[39m: [32m__exchangeVariable(UQ360949LJ) - monto: 1000[39m
2022-08-17 12:46:16:4616 [31merror[39m: [31m__exchange(UQ360949LJ) - invalid operation[39m
2022-08-17 12:48:02:482 [32minfo[39m: [32m__exchange(FK877644LB) - INIT PROCESS[39m
2022-08-17 12:48:02:482 [32minfo[39m: [32m__exchangeVariable(FK877644LB) - userId: 62fcd379c019aaaa16f645c5[39m
2022-08-17 12:48:02:482 [32minfo[39m: [32m__exchangeVariable(FK877644LB) - tipoCambio: compra[39m
2022-08-17 12:48:02:482 [32minfo[39m: [32m__exchangeVariable(FK877644LB) - monto: 1000[39m
2022-08-17 12:48:02:482 [31merror[39m: [31m__exchange(FK877644LB) - invalid operation[39m
2022-08-17 12:53:36:5336 [32minfo[39m: [32m__exchange(XM699987XQ) - INIT PROCESS[39m
2022-08-17 12:53:36:5336 [32minfo[39m: [32m__exchangeVariable(XM699987XQ) - userId: 62fcd379c019aaaa16f645c5[39m
2022-08-17 12:53:36:5336 [32minfo[39m: [32m__exchangeVariable(XM699987XQ) - tipoCambio: compra[39m
2022-08-17 12:53:36:5336 [32minfo[39m: [32m__exchangeVariable(XM699987XQ) - monto: 1000[39m
2022-08-17 12:53:42:5342 [32minfo[39m: [32m__exchange(BZ986258AD) - INIT PROCESS[39m
2022-08-17 12:53:42:5342 [32minfo[39m: [32m__exchangeVariable(BZ986258AD) - userId: 62fcd379c019aaaa16f645c5[39m
2022-08-17 12:53:42:5342 [32minfo[39m: [32m__exchangeVariable(BZ986258AD) - tipoCambio: compraa[39m
2022-08-17 12:53:42:5342 [32minfo[39m: [32m__exchangeVariable(BZ986258AD) - monto: 1000[39m
2022-08-17 12:53:43:5343 [31merror[39m: [31m__exchange(BZ986258AD) - ERROR: Exchange validation failed: tipoCambio: `compraa` is not a valid enum value for path `tipoCambio`.[39m
2022-08-17 12:55:30:5530 [32minfo[39m: [32m__getOrders(KD322299JM) - INIT PROCESS[39m
2022-08-17 12:56:02:562 [32minfo[39m: [32m__exchange(WL321860HJ) - INIT PROCESS[39m
2022-08-17 12:56:02:562 [32minfo[39m: [32m__exchangeVariable(WL321860HJ) - userId: 62fcd379c019aaaa16f645c5[39m
2022-08-17 12:56:02:562 [32minfo[39m: [32m__exchangeVariable(WL321860HJ) - tipoCambio: compraa[39m
2022-08-17 12:56:02:562 [32minfo[39m: [32m__exchangeVariable(WL321860HJ) - monto: 1000[39m
2022-08-17 12:56:02:562 [31merror[39m: [31m__exchange(WL321860HJ) - invalid operation[39m
2022-08-17 12:56:07:567 [32minfo[39m: [32m__exchange(DH406329TT) - INIT PROCESS[39m
2022-08-17 12:56:07:567 [32minfo[39m: [32m__exchangeVariable(DH406329TT) - userId: 62fcd379c019aaaa16f645c5[39m
2022-08-17 12:56:07:567 [32minfo[39m: [32m__exchangeVariable(DH406329TT) - tipoCambio: compra[39m
2022-08-17 12:56:07:567 [32minfo[39m: [32m__exchangeVariable(DH406329TT) - monto: 1000[39m
2022-08-17 12:56:07:567 [31merror[39m: [31m__exchange(DH406329TT) - invalid operation[39m
2022-08-17 12:58:32:5832 [32minfo[39m: [32m__exchange(WC832805HD) - INIT PROCESS[39m
2022-08-17 12:58:32:5832 [32minfo[39m: [32m__exchangeVariable(WC832805HD) - userId: 62fcd379c019aaaa16f645c5[39m
2022-08-17 12:58:32:5832 [32minfo[39m: [32m__exchangeVariable(WC832805HD) - tipoCambio: compra[39m
2022-08-17 12:58:32:5832 [32minfo[39m: [32m__exchangeVariable(WC832805HD) - monto: 1000[39m
2022-08-17 12:58:32:5832 [31merror[39m: [31m__exchange(WC832805HD) - invalid operation[39m
2022-08-17 13:00:01:01 [32minfo[39m: [32m__exchange(XV768232XG) - INIT PROCESS[39m
2022-08-17 13:00:01:01 [32minfo[39m: [32m__exchangeVariable(XV768232XG) - userId: 62fcd379c019aaaa16f645c5[39m
2022-08-17 13:00:01:01 [32minfo[39m: [32m__exchangeVariable(XV768232XG) - tipoCambio: compra[39m
2022-08-17 13:00:01:01 [32minfo[39m: [32m__exchangeVariable(XV768232XG) - monto: 1000[39m
2022-08-17 13:04:43:443 [32minfo[39m: [32m__getOrders(UU287391KS) - INIT PROCESS[39m
2022-08-17 13:05:27:527 [32minfo[39m: [32m__getOrder(AC134721GT) - INIT PROCESS[39m
2022-08-17 13:05:27:527 [33mwarn[39m: [33m__getOrderVariable(AC134721GT) - id: 62fd2ca1a5246dd0d4ff7450[39m
2022-08-17 13:43:14:4314 [32minfo[39m: [32m__login(NF936033TJ) - INIT PROCESS[39m
2022-08-17 13:43:14:4314 [32minfo[39m: [32m__signinVariable(NF936033TJ) - email: oscarmpereda@hotmail.com[39m
2022-08-17 13:43:22:4322 [32minfo[39m: [32m__deleteOrder(MK751100PG) - INIT PROCESS[39m
2022-08-17 13:43:22:4322 [33mwarn[39m: [33m__deleteOrderVariable(MK751100PG) - id: 62fd2ca1a5246dd0d4ff7450[39m
2022-08-17 13:43:28:4328 [32minfo[39m: [32m__getOrders(ZN677953FJ) - INIT PROCESS[39m
